<?xml version="1.0" encoding="UTF-8"?>
<testsuite xmlns:xsi="http://www.w3.org/2001/XMLSchema-instance" xsi:noNamespaceSchemaLocation="https://maven.apache.org/surefire/maven-surefire-plugin/xsd/surefire-test-report-3.0.xsd" version="3.0" name="padroescomportamentais.state.TarefaTest" time="0.157" tests="24" errors="0" skipped="0" failures="0">
  <properties>
    <property name="java.specification.version" value="21"/>
    <property name="sun.jnu.encoding" value="UTF-8"/>
    <property name="java.class.path" value="/workspaces/PadroesComportamentais-State/target/test-classes:/workspaces/PadroesComportamentais-State/target/classes:/home/codespace/.m2/repository/org/junit/jupiter/junit-jupiter-api/5.10.0/junit-jupiter-api-5.10.0.jar:/home/codespace/.m2/repository/org/opentest4j/opentest4j/1.3.0/opentest4j-1.3.0.jar:/home/codespace/.m2/repository/org/junit/platform/junit-platform-commons/1.10.0/junit-platform-commons-1.10.0.jar:/home/codespace/.m2/repository/org/apiguardian/apiguardian-api/1.1.2/apiguardian-api-1.1.2.jar:/home/codespace/.m2/repository/org/junit/jupiter/junit-jupiter-engine/5.10.0/junit-jupiter-engine-5.10.0.jar:/home/codespace/.m2/repository/org/junit/platform/junit-platform-engine/1.10.0/junit-platform-engine-1.10.0.jar:"/>
    <property name="java.vm.vendor" value="Microsoft"/>
    <property name="sun.arch.data.model" value="64"/>
    <property name="java.vendor.url" value="https://www.microsoft.com"/>
    <property name="os.name" value="Linux"/>
    <property name="java.vm.specification.version" value="21"/>
    <property name="sun.java.launcher" value="SUN_STANDARD"/>
    <property name="sun.boot.library.path" value="/usr/local/sdkman/candidates/java/21.0.7-ms/lib"/>
    <property name="sun.java.command" value="/workspaces/PadroesComportamentais-State/target/surefire/surefirebooter-20251030201654315_3.jar /workspaces/PadroesComportamentais-State/target/surefire 2025-10-30T20-16-54_188-jvmRun1 surefire-20251030201654315_1tmp surefire_0-20251030201654315_2tmp"/>
    <property name="jdk.debug" value="release"/>
    <property name="surefire.test.class.path" value="/workspaces/PadroesComportamentais-State/target/test-classes:/workspaces/PadroesComportamentais-State/target/classes:/home/codespace/.m2/repository/org/junit/jupiter/junit-jupiter-api/5.10.0/junit-jupiter-api-5.10.0.jar:/home/codespace/.m2/repository/org/opentest4j/opentest4j/1.3.0/opentest4j-1.3.0.jar:/home/codespace/.m2/repository/org/junit/platform/junit-platform-commons/1.10.0/junit-platform-commons-1.10.0.jar:/home/codespace/.m2/repository/org/apiguardian/apiguardian-api/1.1.2/apiguardian-api-1.1.2.jar:/home/codespace/.m2/repository/org/junit/jupiter/junit-jupiter-engine/5.10.0/junit-jupiter-engine-5.10.0.jar:/home/codespace/.m2/repository/org/junit/platform/junit-platform-engine/1.10.0/junit-platform-engine-1.10.0.jar:"/>
    <property name="sun.cpu.endian" value="little"/>
    <property name="user.home" value="/home/codespace"/>
    <property name="user.language" value="en"/>
    <property name="java.specification.vendor" value="Oracle Corporation"/>
    <property name="java.version.date" value="2025-04-15"/>
    <property name="java.home" value="/usr/local/sdkman/candidates/java/21.0.7-ms"/>
    <property name="file.separator" value="/"/>
    <property name="basedir" value="/workspaces/PadroesComportamentais-State"/>
    <property name="java.vm.compressedOopsMode" value="32-bit"/>
    <property name="line.separator" value="&#10;"/>
    <property name="java.specification.name" value="Java Platform API Specification"/>
    <property name="java.vm.specification.vendor" value="Oracle Corporation"/>
    <property name="surefire.real.class.path" value="/workspaces/PadroesComportamentais-State/target/surefire/surefirebooter-20251030201654315_3.jar"/>
    <property name="sun.management.compiler" value="HotSpot 64-Bit Tiered Compilers"/>
    <property name="java.runtime.version" value="21.0.7+6-LTS"/>
    <property name="user.name" value="codespace"/>
    <property name="stdout.encoding" value="UTF-8"/>
    <property name="path.separator" value=":"/>
    <property name="os.version" value="6.8.0-1030-azure"/>
    <property name="java.runtime.name" value="OpenJDK Runtime Environment"/>
    <property name="file.encoding" value="UTF-8"/>
    <property name="java.vm.name" value="OpenJDK 64-Bit Server VM"/>
    <property name="skipTests" value="false"/>
    <property name="java.vendor.version" value="Microsoft-11369942"/>
    <property name="localRepository" value="/home/codespace/.m2/repository"/>
    <property name="java.vendor.url.bug" value="https://github.com/microsoft/openjdk/issues"/>
    <property name="java.io.tmpdir" value="/tmp"/>
    <property name="java.version" value="21.0.7"/>
    <property name="user.dir" value="/workspaces/PadroesComportamentais-State"/>
    <property name="os.arch" value="amd64"/>
    <property name="java.vm.specification.name" value="Java Virtual Machine Specification"/>
    <property name="native.encoding" value="UTF-8"/>
    <property name="java.library.path" value="/usr/java/packages/lib:/usr/lib64:/lib64:/lib:/usr/lib"/>
    <property name="java.vm.info" value="mixed mode, sharing"/>
    <property name="stderr.encoding" value="UTF-8"/>
    <property name="java.vendor" value="Microsoft"/>
    <property name="java.vm.version" value="21.0.7+6-LTS"/>
    <property name="sun.io.unicode.encoding" value="UnicodeLittle"/>
    <property name="java.class.version" value="65.0"/>
  </properties>
  <testcase name="naoDevePausarEmEspera" classname="padroescomportamentais.state.TarefaTest" time="0.043"/>
  <testcase name="deveAtrasarEmEspera" classname="padroescomportamentais.state.TarefaTest" time="0.005"/>
  <testcase name="naoDeveIniciarConcluido" classname="padroescomportamentais.state.TarefaTest" time="0.004"/>
  <testcase name="deveCancelarEmEspera" classname="padroescomportamentais.state.TarefaTest" time="0.002"/>
  <testcase name="naoDeveIniciarEmProgresso" classname="padroescomportamentais.state.TarefaTest" time="0.002"/>
  <testcase name="naoDeveNadaCanceladoExcetoReabrir" classname="padroescomportamentais.state.TarefaTest" time="0.002"/>
  <testcase name="naoDeveConcluirConcluido" classname="padroescomportamentais.state.TarefaTest" time="0.002"/>
  <testcase name="naoDeveReabrirEmProgresso" classname="padroescomportamentais.state.TarefaTest" time="0.002"/>
  <testcase name="naoDevePausarConcluido" classname="padroescomportamentais.state.TarefaTest" time="0.001"/>
  <testcase name="deveConcluirEmProgresso" classname="padroescomportamentais.state.TarefaTest" time="0.001"/>
  <testcase name="deveCancelarAtrasado" classname="padroescomportamentais.state.TarefaTest" time="0.003"/>
  <testcase name="naoDeveReabrirTarefaNova" classname="padroescomportamentais.state.TarefaTest" time="0.003"/>
  <testcase name="deveIniciarTarefaNova" classname="padroescomportamentais.state.TarefaTest" time="0.004"/>
  <testcase name="deveAtrasarEmProgresso" classname="padroescomportamentais.state.TarefaTest" time="0.001"/>
  <testcase name="devePausarEmProgresso" classname="padroescomportamentais.state.TarefaTest" time="0.002"/>
  <testcase name="naoDeveConcluirTarefaNova" classname="padroescomportamentais.state.TarefaTest" time="0.001"/>
  <testcase name="deveReabrirConcluido" classname="padroescomportamentais.state.TarefaTest" time="0.001"/>
  <testcase name="deveIniciarEmEspera" classname="padroescomportamentais.state.TarefaTest" time="0.001"/>
  <testcase name="naoDeveConcluirEmEspera" classname="padroescomportamentais.state.TarefaTest" time="0.003"/>
  <testcase name="deveCancelarTarefaNova" classname="padroescomportamentais.state.TarefaTest" time="0.0"/>
  <testcase name="deveIniciarAtrasado" classname="padroescomportamentais.state.TarefaTest" time="0.002"/>
  <testcase name="devePausarTarefaNova" classname="padroescomportamentais.state.TarefaTest" time="0.002"/>
  <testcase name="deveCancelarEmProgresso" classname="padroescomportamentais.state.TarefaTest" time="0.001"/>
  <testcase name="deveAtrasarTarefaNova" classname="padroescomportamentais.state.TarefaTest" time="0.001"/>
</testsuite>